17/11/12 14:17:24 INFO SparkContext: Running Spark version 2.1.0
17/11/12 14:17:27 WARN NativeCodeLoader: Unable to load native-hadoop library for your platform... using builtin-java classes where applicable
17/11/12 14:17:28 INFO SecurityManager: Changing view acls to: ASUS
17/11/12 14:17:28 INFO SecurityManager: Changing modify acls to: ASUS
17/11/12 14:17:28 INFO SecurityManager: Changing view acls groups to: 
17/11/12 14:17:28 INFO SecurityManager: Changing modify acls groups to: 
17/11/12 14:17:28 INFO SecurityManager: SecurityManager: authentication disabled; ui acls disabled; users  with view permissions: Set(ASUS); groups with view permissions: Set(); users  with modify permissions: Set(ASUS); groups with modify permissions: Set()
17/11/12 14:17:29 INFO Utils: Successfully started service 'sparkDriver' on port 14595.
17/11/12 14:17:29 INFO SparkEnv: Registering MapOutputTracker
17/11/12 14:17:29 INFO SparkEnv: Registering BlockManagerMaster
17/11/12 14:17:29 INFO BlockManagerMasterEndpoint: Using org.apache.spark.storage.DefaultTopologyMapper for getting topology information
17/11/12 14:17:29 INFO BlockManagerMasterEndpoint: BlockManagerMasterEndpoint up
17/11/12 14:17:29 INFO DiskBlockManager: Created local directory at C:\Users\ASUS\AppData\Local\Temp\blockmgr-826fd7a8-7329-499e-b235-f834f4f57535
17/11/12 14:17:29 INFO MemoryStore: MemoryStore started with capacity 366.3 MB
17/11/12 14:17:30 INFO SparkEnv: Registering OutputCommitCoordinator
17/11/12 14:17:31 INFO Utils: Successfully started service 'SparkUI' on port 4040.
17/11/12 14:17:31 INFO SparkUI: Bound SparkUI to 127.0.0.1, and started at http://127.0.0.1:4040
17/11/12 14:17:31 INFO SparkContext: Added JAR file:/C:/Users/ASUS/Documents/R/win-library/3.4/sparklyr/java/sparklyr-2.1-2.11.jar at spark://127.0.0.1:14595/jars/sparklyr-2.1-2.11.jar with timestamp 1510463851772
17/11/12 14:17:32 INFO Executor: Starting executor ID driver on host localhost
17/11/12 14:17:33 INFO Utils: Successfully started service 'org.apache.spark.network.netty.NettyBlockTransferService' on port 14607.
17/11/12 14:17:33 INFO NettyBlockTransferService: Server created on 127.0.0.1:14607
17/11/12 14:17:33 INFO BlockManager: Using org.apache.spark.storage.RandomBlockReplicationPolicy for block replication policy
17/11/12 14:17:33 INFO BlockManagerMaster: Registering BlockManager BlockManagerId(driver, 127.0.0.1, 14607, None)
17/11/12 14:17:33 INFO BlockManagerMasterEndpoint: Registering block manager 127.0.0.1:14607 with 366.3 MB RAM, BlockManagerId(driver, 127.0.0.1, 14607, None)
17/11/12 14:17:33 INFO BlockManagerMaster: Registered BlockManager BlockManagerId(driver, 127.0.0.1, 14607, None)
17/11/12 14:17:33 INFO BlockManager: Initialized BlockManager: BlockManagerId(driver, 127.0.0.1, 14607, None)
17/11/12 14:17:37 WARN SparkContext: Using an existing SparkContext; some configuration may not take effect.
17/11/12 14:17:37 INFO SharedState: Warehouse path is 'C:UsersASUSAppDataLocalsparkspark-2.1.0-bin-hadoop2.7	mphive'.
17/11/12 14:17:37 INFO HiveUtils: Initializing HiveMetastoreConnection version 1.2.1 using Spark classes.
17/11/12 14:17:41 INFO HiveMetaStore: 0: Opening raw store with implemenation class:org.apache.hadoop.hive.metastore.ObjectStore
17/11/12 14:17:41 INFO ObjectStore: ObjectStore, initialize called
17/11/12 14:17:43 INFO Persistence: Property hive.metastore.integral.jdo.pushdown unknown - will be ignored
17/11/12 14:17:43 INFO Persistence: Property datanucleus.cache.level2 unknown - will be ignored
17/11/12 14:17:51 INFO ObjectStore: Setting MetaStore object pin classes with hive.metastore.cache.pinobjtypes="Table,StorageDescriptor,SerDeInfo,Partition,Database,Type,FieldSchema,Order"
17/11/12 14:17:56 INFO Datastore: The class "org.apache.hadoop.hive.metastore.model.MFieldSchema" is tagged as "embedded-only" so does not have its own datastore table.
17/11/12 14:17:56 INFO Datastore: The class "org.apache.hadoop.hive.metastore.model.MOrder" is tagged as "embedded-only" so does not have its own datastore table.
17/11/12 14:17:59 INFO Datastore: The class "org.apache.hadoop.hive.metastore.model.MFieldSchema" is tagged as "embedded-only" so does not have its own datastore table.
17/11/12 14:17:59 INFO Datastore: The class "org.apache.hadoop.hive.metastore.model.MOrder" is tagged as "embedded-only" so does not have its own datastore table.
17/11/12 14:18:00 INFO MetaStoreDirectSql: Using direct SQL, underlying DB is DERBY
17/11/12 14:18:00 INFO ObjectStore: Initialized ObjectStore
17/11/12 14:18:01 WARN ObjectStore: Version information not found in metastore. hive.metastore.schema.verification is not enabled so recording the schema version 1.2.0
17/11/12 14:18:01 WARN ObjectStore: Failed to get database default, returning NoSuchObjectException
17/11/12 14:18:03 INFO HiveMetaStore: Added admin role in metastore
17/11/12 14:18:03 INFO HiveMetaStore: Added public role in metastore
17/11/12 14:18:03 INFO HiveMetaStore: No user is added in admin role, since config is empty
17/11/12 14:18:04 INFO HiveMetaStore: 0: get_all_databases
17/11/12 14:18:04 INFO audit: ugi=ASUS	ip=unknown-ip-addr	cmd=get_all_databases	
17/11/12 14:18:04 INFO HiveMetaStore: 0: get_functions: db=default pat=*
17/11/12 14:18:04 INFO audit: ugi=ASUS	ip=unknown-ip-addr	cmd=get_functions: db=default pat=*	
17/11/12 14:18:04 INFO Datastore: The class "org.apache.hadoop.hive.metastore.model.MResourceUri" is tagged as "embedded-only" so does not have its own datastore table.
17/11/12 14:18:05 INFO SessionState: Created HDFS directory: C:/Users/ASUS/AppData/Local/spark/spark-2.1.0-bin-hadoop2.7/tmp/hive/ASUS
17/11/12 14:18:05 INFO SessionState: Created local directory: C:/Users/ASUS/AppData/Local/Temp/18180880-7850-43b1-9528-22dc970ce319_resources
17/11/12 14:18:05 INFO SessionState: Created HDFS directory: C:/Users/ASUS/AppData/Local/spark/spark-2.1.0-bin-hadoop2.7/tmp/hive/ASUS/18180880-7850-43b1-9528-22dc970ce319
17/11/12 14:18:05 INFO SessionState: Created local directory: C:/Users/ASUS/AppData/Local/spark/spark-2.1.0-bin-hadoop2.7/tmp/hive/18180880-7850-43b1-9528-22dc970ce319
17/11/12 14:18:05 INFO SessionState: Created HDFS directory: C:/Users/ASUS/AppData/Local/spark/spark-2.1.0-bin-hadoop2.7/tmp/hive/ASUS/18180880-7850-43b1-9528-22dc970ce319/_tmp_space.db
17/11/12 14:18:06 INFO HiveClientImpl: Warehouse location for Hive client (version 1.2.1) is C:UsersASUSAppDataLocalsparkspark-2.1.0-bin-hadoop2.7	mphive
17/11/12 14:18:06 INFO HiveMetaStore: 0: get_database: default
17/11/12 14:18:06 INFO audit: ugi=ASUS	ip=unknown-ip-addr	cmd=get_database: default	
17/11/12 14:18:06 INFO HiveMetaStore: 0: get_database: global_temp
17/11/12 14:18:06 INFO audit: ugi=ASUS	ip=unknown-ip-addr	cmd=get_database: global_temp	
17/11/12 14:18:06 WARN ObjectStore: Failed to get database global_temp, returning NoSuchObjectException
17/11/12 14:18:06 INFO SparkSqlParser: Parsing command: SHOW TABLES
17/11/12 14:18:17 INFO HiveMetaStore: 0: get_database: default
17/11/12 14:18:17 INFO audit: ugi=ASUS	ip=unknown-ip-addr	cmd=get_database: default	
17/11/12 14:18:17 INFO HiveMetaStore: 0: get_database: default
17/11/12 14:18:17 INFO audit: ugi=ASUS	ip=unknown-ip-addr	cmd=get_database: default	
17/11/12 14:18:17 INFO HiveMetaStore: 0: get_tables: db=default pat=*
17/11/12 14:18:17 INFO audit: ugi=ASUS	ip=unknown-ip-addr	cmd=get_tables: db=default pat=*	
17/11/12 14:18:18 WARN SparkSession$Builder: Using an existing SparkSession; some configuration may not take effect.
17/11/12 14:18:18 INFO SparkSqlParser: Parsing command: SHOW TABLES
17/11/12 14:18:18 INFO HiveMetaStore: 0: get_database: default
17/11/12 14:18:18 INFO audit: ugi=ASUS	ip=unknown-ip-addr	cmd=get_database: default	
17/11/12 14:18:18 INFO HiveMetaStore: 0: get_database: default
17/11/12 14:18:18 INFO audit: ugi=ASUS	ip=unknown-ip-addr	cmd=get_database: default	
17/11/12 14:18:18 INFO HiveMetaStore: 0: get_tables: db=default pat=*
17/11/12 14:18:18 INFO audit: ugi=ASUS	ip=unknown-ip-addr	cmd=get_tables: db=default pat=*	
17/11/12 14:20:05 INFO SparkContext: Invoking stop() from shutdown hook
17/11/12 14:20:05 INFO SparkUI: Stopped Spark web UI at http://127.0.0.1:4040
17/11/12 14:20:06 INFO MapOutputTrackerMasterEndpoint: MapOutputTrackerMasterEndpoint stopped!
17/11/12 14:20:06 INFO MemoryStore: MemoryStore cleared
17/11/12 14:20:06 INFO BlockManager: BlockManager stopped
17/11/12 14:20:06 INFO BlockManagerMaster: BlockManagerMaster stopped
17/11/12 14:20:06 INFO OutputCommitCoordinator$OutputCommitCoordinatorEndpoint: OutputCommitCoordinator stopped!
17/11/12 14:20:06 INFO SparkContext: Successfully stopped SparkContext
17/11/12 14:20:06 INFO ShutdownHookManager: Shutdown hook called
17/11/12 14:20:06 INFO ShutdownHookManager: Deleting directory C:\Users\ASUS\AppData\Local\Temp\spark-bd5e6275-de31-496e-8dae-396b3533962a
17/11/12 14:44:26 INFO SparkContext: Running Spark version 2.1.0
17/11/12 14:44:28 WARN NativeCodeLoader: Unable to load native-hadoop library for your platform... using builtin-java classes where applicable
17/11/12 14:44:29 INFO SecurityManager: Changing view acls to: ASUS
17/11/12 14:44:29 INFO SecurityManager: Changing modify acls to: ASUS
17/11/12 14:44:29 INFO SecurityManager: Changing view acls groups to: 
17/11/12 14:44:29 INFO SecurityManager: Changing modify acls groups to: 
17/11/12 14:44:29 INFO SecurityManager: SecurityManager: authentication disabled; ui acls disabled; users  with view permissions: Set(ASUS); groups with view permissions: Set(); users  with modify permissions: Set(ASUS); groups with modify permissions: Set()
17/11/12 14:44:30 INFO Utils: Successfully started service 'sparkDriver' on port 14801.
17/11/12 14:44:30 INFO SparkEnv: Registering MapOutputTracker
17/11/12 14:44:30 INFO SparkEnv: Registering BlockManagerMaster
17/11/12 14:44:30 INFO BlockManagerMasterEndpoint: Using org.apache.spark.storage.DefaultTopologyMapper for getting topology information
17/11/12 14:44:30 INFO BlockManagerMasterEndpoint: BlockManagerMasterEndpoint up
17/11/12 14:44:30 INFO DiskBlockManager: Created local directory at C:\Users\ASUS\AppData\Local\Temp\blockmgr-66eec9d9-8f16-40a5-99c8-1b689c99d47d
17/11/12 14:44:30 INFO MemoryStore: MemoryStore started with capacity 366.3 MB
17/11/12 14:44:31 INFO SparkEnv: Registering OutputCommitCoordinator
17/11/12 14:44:32 INFO Utils: Successfully started service 'SparkUI' on port 4040.
17/11/12 14:44:32 INFO SparkUI: Bound SparkUI to 127.0.0.1, and started at http://127.0.0.1:4040
17/11/12 14:44:32 INFO SparkContext: Added JAR file:/C:/Users/ASUS/Documents/R/win-library/3.4/sparklyr/java/sparklyr-2.1-2.11.jar at spark://127.0.0.1:14801/jars/sparklyr-2.1-2.11.jar with timestamp 1510465472664
17/11/12 14:44:33 INFO Executor: Starting executor ID driver on host localhost
17/11/12 14:44:33 INFO Utils: Successfully started service 'org.apache.spark.network.netty.NettyBlockTransferService' on port 14812.
17/11/12 14:44:33 INFO NettyBlockTransferService: Server created on 127.0.0.1:14812
17/11/12 14:44:33 INFO BlockManager: Using org.apache.spark.storage.RandomBlockReplicationPolicy for block replication policy
17/11/12 14:44:33 INFO BlockManagerMaster: Registering BlockManager BlockManagerId(driver, 127.0.0.1, 14812, None)
17/11/12 14:44:33 INFO BlockManagerMasterEndpoint: Registering block manager 127.0.0.1:14812 with 366.3 MB RAM, BlockManagerId(driver, 127.0.0.1, 14812, None)
17/11/12 14:44:33 INFO BlockManagerMaster: Registered BlockManager BlockManagerId(driver, 127.0.0.1, 14812, None)
17/11/12 14:44:33 INFO BlockManager: Initialized BlockManager: BlockManagerId(driver, 127.0.0.1, 14812, None)
17/11/12 14:44:37 WARN SparkContext: Using an existing SparkContext; some configuration may not take effect.
17/11/12 14:44:38 INFO SharedState: Warehouse path is 'C:UsersASUSAppDataLocalsparkspark-2.1.0-bin-hadoop2.7	mphive'.
17/11/12 14:44:38 INFO HiveUtils: Initializing HiveMetastoreConnection version 1.2.1 using Spark classes.
17/11/12 14:44:43 INFO HiveMetaStore: 0: Opening raw store with implemenation class:org.apache.hadoop.hive.metastore.ObjectStore
17/11/12 14:44:43 INFO ObjectStore: ObjectStore, initialize called
17/11/12 14:44:44 INFO Persistence: Property hive.metastore.integral.jdo.pushdown unknown - will be ignored
17/11/12 14:44:44 INFO Persistence: Property datanucleus.cache.level2 unknown - will be ignored
17/11/12 14:44:55 INFO ObjectStore: Setting MetaStore object pin classes with hive.metastore.cache.pinobjtypes="Table,StorageDescriptor,SerDeInfo,Partition,Database,Type,FieldSchema,Order"
17/11/12 14:45:02 INFO Datastore: The class "org.apache.hadoop.hive.metastore.model.MFieldSchema" is tagged as "embedded-only" so does not have its own datastore table.
17/11/12 14:45:02 INFO Datastore: The class "org.apache.hadoop.hive.metastore.model.MOrder" is tagged as "embedded-only" so does not have its own datastore table.
17/11/12 14:45:05 INFO Datastore: The class "org.apache.hadoop.hive.metastore.model.MFieldSchema" is tagged as "embedded-only" so does not have its own datastore table.
17/11/12 14:45:05 INFO Datastore: The class "org.apache.hadoop.hive.metastore.model.MOrder" is tagged as "embedded-only" so does not have its own datastore table.
17/11/12 14:45:06 INFO MetaStoreDirectSql: Using direct SQL, underlying DB is DERBY
17/11/12 14:45:06 INFO ObjectStore: Initialized ObjectStore
17/11/12 14:45:08 WARN ObjectStore: Version information not found in metastore. hive.metastore.schema.verification is not enabled so recording the schema version 1.2.0
17/11/12 14:45:09 WARN ObjectStore: Failed to get database default, returning NoSuchObjectException
17/11/12 14:45:12 INFO HiveMetaStore: Added admin role in metastore
17/11/12 14:45:12 INFO HiveMetaStore: Added public role in metastore
17/11/12 14:45:13 INFO HiveMetaStore: No user is added in admin role, since config is empty
17/11/12 14:45:13 INFO HiveMetaStore: 0: get_all_databases
17/11/12 14:45:13 INFO audit: ugi=ASUS	ip=unknown-ip-addr	cmd=get_all_databases	
17/11/12 14:45:13 INFO HiveMetaStore: 0: get_functions: db=default pat=*
17/11/12 14:45:13 INFO audit: ugi=ASUS	ip=unknown-ip-addr	cmd=get_functions: db=default pat=*	
17/11/12 14:45:13 INFO Datastore: The class "org.apache.hadoop.hive.metastore.model.MResourceUri" is tagged as "embedded-only" so does not have its own datastore table.
17/11/12 14:45:15 INFO SessionState: Created local directory: C:/Users/ASUS/AppData/Local/Temp/5e9ed954-06f9-4b2e-96b0-bb86b29827dc_resources
17/11/12 14:45:15 INFO SessionState: Created HDFS directory: C:/Users/ASUS/AppData/Local/spark/spark-2.1.0-bin-hadoop2.7/tmp/hive/ASUS/5e9ed954-06f9-4b2e-96b0-bb86b29827dc
17/11/12 14:45:15 INFO SessionState: Created local directory: C:/Users/ASUS/AppData/Local/spark/spark-2.1.0-bin-hadoop2.7/tmp/hive/5e9ed954-06f9-4b2e-96b0-bb86b29827dc
17/11/12 14:45:16 INFO SessionState: Created HDFS directory: C:/Users/ASUS/AppData/Local/spark/spark-2.1.0-bin-hadoop2.7/tmp/hive/ASUS/5e9ed954-06f9-4b2e-96b0-bb86b29827dc/_tmp_space.db
17/11/12 14:45:16 INFO HiveClientImpl: Warehouse location for Hive client (version 1.2.1) is C:UsersASUSAppDataLocalsparkspark-2.1.0-bin-hadoop2.7	mphive
17/11/12 14:45:16 INFO HiveMetaStore: 0: get_database: default
17/11/12 14:45:16 INFO audit: ugi=ASUS	ip=unknown-ip-addr	cmd=get_database: default	
17/11/12 14:45:16 INFO HiveMetaStore: 0: get_database: global_temp
17/11/12 14:45:16 INFO audit: ugi=ASUS	ip=unknown-ip-addr	cmd=get_database: global_temp	
17/11/12 14:45:16 WARN ObjectStore: Failed to get database global_temp, returning NoSuchObjectException
17/11/12 14:45:16 INFO SparkSqlParser: Parsing command: SHOW TABLES
17/11/12 14:45:35 INFO HiveMetaStore: 0: get_database: default
17/11/12 14:45:35 INFO audit: ugi=ASUS	ip=unknown-ip-addr	cmd=get_database: default	
17/11/12 14:45:35 INFO HiveMetaStore: 0: get_database: default
17/11/12 14:45:35 INFO audit: ugi=ASUS	ip=unknown-ip-addr	cmd=get_database: default	
17/11/12 14:45:35 INFO HiveMetaStore: 0: get_tables: db=default pat=*
17/11/12 14:45:35 INFO audit: ugi=ASUS	ip=unknown-ip-addr	cmd=get_tables: db=default pat=*	
17/11/12 14:48:48 INFO SparkContext: Invoking stop() from shutdown hook
17/11/12 14:48:48 INFO SparkUI: Stopped Spark web UI at http://127.0.0.1:4040
17/11/12 14:48:48 INFO MapOutputTrackerMasterEndpoint: MapOutputTrackerMasterEndpoint stopped!
17/11/12 14:48:48 INFO MemoryStore: MemoryStore cleared
17/11/12 14:48:48 INFO BlockManager: BlockManager stopped
17/11/12 14:48:48 INFO BlockManagerMaster: BlockManagerMaster stopped
17/11/12 14:48:48 INFO OutputCommitCoordinator$OutputCommitCoordinatorEndpoint: OutputCommitCoordinator stopped!
17/11/12 14:48:48 INFO SparkContext: Successfully stopped SparkContext
17/11/12 14:48:48 INFO ShutdownHookManager: Shutdown hook called
17/11/12 14:48:48 INFO ShutdownHookManager: Deleting directory C:\Users\ASUS\AppData\Local\Temp\spark-e15d46af-a371-4215-8f11-91a7d7cdc988
